 * Serving Flask app 'app'
 * Debug mode: on
[31m[1mWARNING: This is a development server. Do not use it in a production deployment. Use a production WSGI server instead.[0m
 * Running on http://127.0.0.1:5000
[33mPress CTRL+C to quit[0m
 * Restarting with stat
 * Debugger is active!
 * Debugger PIN: 136-000-042
 * Serving Flask app 'app'
 * Debug mode: on
Address already in use
Port 5000 is in use by another program. Either identify and stop that program, or start the server with a different port.
 * Serving Flask app 'app'
 * Debug mode: on
Address already in use
Port 5000 is in use by another program. Either identify and stop that program, or start the server with a different port.
 * Detected change in '/data/data/com.termux/files/home/rentalsite/app.py', reloading
 * Restarting with stat
 * Debugger is active!
 * Debugger PIN: 600-425-253
 * Serving Flask app 'app'
 * Debug mode: on
[31m[1mWARNING: This is a development server. Do not use it in a production deployment. Use a production WSGI server instead.[0m
 * Running on all addresses (0.0.0.0)
 * Running on http://127.0.0.1:5001
 * Running on http://192.168.100.149:5001
[33mPress CTRL+C to quit[0m
 * Restarting with stat
 * Debugger is active!
 * Debugger PIN: 747-045-115
 * Detected change in '/data/data/com.termux/files/home/rentalsite/app.py', reloading
 * Detected change in '/data/data/com.termux/files/home/rentalsite/app.py', reloading
 * Restarting with stat
 * Restarting with stat
 * Debugger is active!
 * Debugger is active!
 * Debugger PIN: 361-431-891
 * Debugger PIN: 828-660-441
 * Serving Flask app 'app'
 * Debug mode: on
[31m[1mWARNING: This is a development server. Do not use it in a production deployment. Use a production WSGI server instead.[0m
 * Running on http://127.0.0.1:5000
[33mPress CTRL+C to quit[0m
 * Restarting with stat
 * Debugger is active!
 * Debugger PIN: 132-282-841
 * Detected change in '/data/data/com.termux/files/home/rentalsite/app.py', reloading
 * Restarting with stat
 * Debugger is active!
 * Debugger PIN: 818-334-970
 * Detected change in '/data/data/com.termux/files/home/rentalsite/app.py', reloading
 * Restarting with stat
 * Debugger is active!
 * Debugger PIN: 784-425-794
 * Serving Flask app 'app'
 * Debug mode: on
[31m[1mWARNING: This is a development server. Do not use it in a production deployment. Use a production WSGI server instead.[0m
 * Running on all addresses (0.0.0.0)
 * Running on http://127.0.0.1:8000
 * Running on http://192.168.100.149:8000
[33mPress CTRL+C to quit[0m
 * Restarting with stat
 * Debugger is active!
 * Debugger PIN: 131-353-544
 * Detected change in '/data/data/com.termux/files/home/rentalsite/app.py', reloading
 * Restarting with stat
 * Detected change in '/data/data/com.termux/files/home/rentalsite/app.py', reloading
 * Restarting with stat
 * Debugger is active!
 * Debugger PIN: 125-797-330
 * Debugger is active!
 * Debugger PIN: 540-216-730
 * Serving Flask app 'app'
 * Debug mode: on
[31m[1mWARNING: This is a development server. Do not use it in a production deployment. Use a production WSGI server instead.[0m
 * Running on all addresses (0.0.0.0)
 * Running on http://127.0.0.1:5000
 * Running on http://192.168.100.149:5000
[33mPress CTRL+C to quit[0m
 * Restarting with stat
 * Debugger is active!
 * Debugger PIN: 773-093-565
 * Serving Flask app 'app'
 * Debug mode: on
[31m[1mWARNING: This is a development server. Do not use it in a production deployment. Use a production WSGI server instead.[0m
 * Running on all addresses (0.0.0.0)
 * Running on http://127.0.0.1:5000
 * Running on http://127.0.0.1:5000
[33mPress CTRL+C to quit[0m
 * Restarting with stat
 * Debugger is active!
 * Debugger PIN: 327-758-779
 * Serving Flask app 'app'
 * Debug mode: on
[31m[1mWARNING: This is a development server. Do not use it in a production deployment. Use a production WSGI server instead.[0m
 * Running on all addresses (0.0.0.0)
 * Running on http://127.0.0.1:5000
 * Running on http://192.168.100.149:5000
[33mPress CTRL+C to quit[0m
 * Restarting with stat
 * Debugger is active!
 * Debugger PIN: 940-030-314
 * Detected change in '/data/data/com.termux/files/home/rentalsite/app.py', reloading
 * Restarting with stat
 * Debugger is active!
 * Debugger PIN: 123-298-697
 * Serving Flask app 'app'
 * Debug mode: on
[31m[1mWARNING: This is a development server. Do not use it in a production deployment. Use a production WSGI server instead.[0m
 * Running on all addresses (0.0.0.0)
 * Running on http://127.0.0.1:8000
 * Running on http://192.168.100.149:8000
[33mPress CTRL+C to quit[0m
 * Restarting with stat
 * Debugger is active!
 * Debugger PIN: 381-145-086
